# JRE version: OpenJDK Runtime Environment (8.0_152-b01) (build 1.8.0_152-release-915-b01)
# Java VM: OpenJDK 64-Bit Server VM (25.152-b01 mixed mode windows-amd64 compressed oops)
Heap:
 PSYoungGen      total 311808K, used 251703K [0x00000000e0000000, 0x00000000f7b80000, 0x0000000100000000)
  eden space 270336K, 80% used [0x00000000e0000000,0x00000000ed5ca878,0x00000000f0800000)
  from space 41472K, 79% used [0x00000000f0800000,0x00000000f2803758,0x00000000f3080000)
  to   space 44544K, 0% used [0x00000000f5000000,0x00000000f5000000,0x00000000f7b80000)
 ParOldGen       total 126464K, used 82619K [0x00000000a0000000, 0x00000000a7b80000, 0x00000000e0000000)
  object space 126464K, 65% used [0x00000000a0000000,0x00000000a50aefd0,0x00000000a7b80000)
 Metaspace       used 84144K, capacity 88724K, committed 89088K, reserved 1126400K
  class space    used 10579K, capacity 11665K, committed 11776K, reserved 1048576K
GC Heap History (10 events):
Event: 398.475 GC heap before
{Heap before GC invocations=26 (full 3):
 PSYoungGen      total 273920K, used 261585K [0x00000000e0000000, 0x00000000f2f00000, 0x0000000100000000)
  eden space 242688K, 100% used [0x00000000e0000000,0x00000000eed00000,0x00000000eed00000)
  from space 31232K, 60% used [0x00000000f0b80000,0x00000000f1df44c8,0x00000000f2a00000)
  to   space 31232K, 0% used [0x00000000eed00000,0x00000000eed00000,0x00000000f0b80000)
 ParOldGen       total 126464K, used 82587K [0x00000000a0000000, 0x00000000a7b80000, 0x00000000e0000000)
  object space 126464K, 65% used [0x00000000a0000000,0x00000000a50a6fd0,0x00000000a7b80000)
 Metaspace       used 79750K, capacity 84120K, committed 84224K, reserved 1122304K
  class space    used 10217K, capacity 11239K, committed 11264K, reserved 1048576K
Event: 398.545 GC heap after
Heap after GC invocations=26 (full 3):
 PSYoungGen      total 273920K, used 23088K [0x00000000e0000000, 0x00000000f3d00000, 0x0000000100000000)
  eden space 242688K, 0% used [0x00000000e0000000,0x00000000e0000000,0x00000000eed00000)
  from space 31232K, 73% used [0x00000000eed00000,0x00000000f038c160,0x00000000f0b80000)
  to   space 32768K, 0% used [0x00000000f1d00000,0x00000000f1d00000,0x00000000f3d00000)
 ParOldGen       total 126464K, used 82595K [0x00000000a0000000, 0x00000000a7b80000, 0x00000000e0000000)
  object space 126464K, 65% used [0x00000000a0000000,0x00000000a50a8fd0,0x00000000a7b80000)
 Metaspace       used 79750K, capacity 84120K, committed 84224K, reserved 1122304K
  class space    used 10217K, capacity 11239K, committed 11264K, reserved 1048576K
}
Event: 475.826 GC heap before
{Heap before GC invocations=27 (full 3):
 PSYoungGen      total 273920K, used 265776K [0x00000000e0000000, 0x00000000f3d00000, 0x0000000100000000)
  eden space 242688K, 100% used [0x00000000e0000000,0x00000000eed00000,0x00000000eed00000)
  from space 31232K, 73% used [0x00000000eed00000,0x00000000f038c160,0x00000000f0b80000)
  to   space 32768K, 0% used [0x00000000f1d00000,0x00000000f1d00000,0x00000000f3d00000)
 ParOldGen       total 126464K, used 82595K [0x00000000a0000000, 0x00000000a7b80000, 0x00000000e0000000)
  object space 126464K, 65% used [0x00000000a0000000,0x00000000a50a8fd0,0x00000000a7b80000)
 Metaspace       used 83829K, capacity 88396K, committed 88576K, reserved 1126400K
  class space    used 10577K, capacity 11665K, committed 11776K, reserved 1048576K
Event: 476.000 GC heap after
Heap after GC invocations=27 (full 3):
 PSYoungGen      total 288256K, used 29342K [0x00000000e0000000, 0x00000000f4180000, 0x0000000100000000)
  eden space 255488K, 0% used [0x00000000e0000000,0x00000000e0000000,0x00000000ef980000)
  from space 32768K, 89% used [0x00000000f1d00000,0x00000000f39a7920,0x00000000f3d00000)
  to   space 36352K, 0% used [0x00000000ef980000,0x00000000ef980000,0x00000000f1d00000)
 ParOldGen       total 126464K, used 82603K [0x00000000a0000000, 0x00000000a7b80000, 0x00000000e0000000)
  object space 126464K, 65% used [0x00000000a0000000,0x00000000a50aafd0,0x00000000a7b80000)
 Metaspace       used 83829K, capacity 88396K, committed 88576K, reserved 1126400K
  class space    used 10577K, capacity 11665K, committed 11776K, reserved 1048576K
}
Event: 481.602 GC heap before
{Heap before GC invocations=28 (full 3):
 PSYoungGen      total 288256K, used 284830K [0x00000000e0000000, 0x00000000f4180000, 0x0000000100000000)
  eden space 255488K, 100% used [0x00000000e0000000,0x00000000ef980000,0x00000000ef980000)
  from space 32768K, 89% used [0x00000000f1d00000,0x00000000f39a7920,0x00000000f3d00000)
  to   space 36352K, 0% used [0x00000000ef980000,0x00000000ef980000,0x00000000f1d00000)
 ParOldGen       total 126464K, used 82603K [0x00000000a0000000, 0x00000000a7b80000, 0x00000000e0000000)
  object space 126464K, 65% used [0x00000000a0000000,0x00000000a50aafd0,0x00000000a7b80000)
 Metaspace       used 84072K, capacity 88660K, committed 88832K, reserved 1126400K
  class space    used 10578K, capacity 11665K, committed 11776K, reserved 1048576K
Event: 481.725 GC heap after
Heap after GC invocations=28 (full 3):
 PSYoungGen      total 291840K, used 28941K [0x00000000e0000000, 0x00000000f5680000, 0x0000000100000000)
  eden space 255488K, 0% used [0x00000000e0000000,0x00000000e0000000,0x00000000ef980000)
  from space 36352K, 79% used [0x00000000ef980000,0x00000000f15c3758,0x00000000f1d00000)
  to   space 38912K, 0% used [0x00000000f3080000,0x00000000f3080000,0x00000000f5680000)
 ParOldGen       total 126464K, used 82611K [0x00000000a0000000, 0x00000000a7b80000, 0x00000000e0000000)
  object space 126464K, 65% used [0x00000000a0000000,0x00000000a50acfd0,0x00000000a7b80000)
 Metaspace       used 84072K, capacity 88660K, committed 88832K, reserved 1126400K
  class space    used 10578K, capacity 11665K, committed 11776K, reserved 1048576K
}
Event: 486.084 GC heap before
{Heap before GC invocations=29 (full 3):
 PSYoungGen      total 291840K, used 284429K [0x00000000e0000000, 0x00000000f5680000, 0x0000000100000000)
  eden space 255488K, 100% used [0x00000000e0000000,0x00000000ef980000,0x00000000ef980000)
  from space 36352K, 79% used [0x00000000ef980000,0x00000000f15c3758,0x00000000f1d00000)
  to   space 38912K, 0% used [0x00000000f3080000,0x00000000f3080000,0x00000000f5680000)
 ParOldGen       total 126464K, used 82611K [0x00000000a0000000, 0x00000000a7b80000, 0x00000000e0000000)
  object space 126464K, 65% used [0x00000000a0000000,0x00000000a50acfd0,0x00000000a7b80000)
 Metaspace       used 84117K, capacity 88660K, committed 88832K, reserved 1126400K
  class space    used 10579K, capacity 11665K, committed 11776K, reserved 1048576K
Event: 486.228 GC heap after
Heap after GC invocations=29 (full 3):
 PSYoungGen      total 309248K, used 31149K [0x00000000e0000000, 0x00000000f6280000, 0x0000000100000000)
  eden space 270336K, 0% used [0x00000000e0000000,0x00000000e0000000,0x00000000f0800000)
  from space 38912K, 80% used [0x00000000f3080000,0x00000000f4eeb758,0x00000000f5680000)
  to   space 41472K, 0% used [0x00000000f0800000,0x00000000f0800000,0x00000000f3080000)
 ParOldGen       total 126464K, used 82619K [0x00000000a0000000, 0x00000000a7b80000, 0x00000000e0000000)
  object space 126464K, 65% used [0x00000000a0000000,0x00000000a50aefd0,0x00000000a7b80000)
 Metaspace       used 84117K, capacity 88660K, committed 88832K, reserved 1126400K
  class space    used 10579K, capacity 11665K, committed 11776K, reserved 1048576K
}
Event: 490.815 GC heap before
{Heap before GC invocations=30 (full 3):
 PSYoungGen      total 309248K, used 301485K [0x00000000e0000000, 0x00000000f6280000, 0x0000000100000000)
  eden space 270336K, 100% used [0x00000000e0000000,0x00000000f0800000,0x00000000f0800000)
  from space 38912K, 80% used [0x00000000f3080000,0x00000000f4eeb758,0x00000000f5680000)
  to   space 41472K, 0% used [0x00000000f0800000,0x00000000f0800000,0x00000000f3080000)
 ParOldGen       total 126464K, used 82619K [0x00000000a0000000, 0x00000000a7b80000, 0x00000000e0000000)
  object space 126464K, 65% used [0x00000000a0000000,0x00000000a50aefd0,0x00000000a7b80000)
 Metaspace       used 84134K, capacity 88724K, committed 89088K, reserved 1126400K
  class space    used 10579K, capacity 11665K, committed 11776K, reserved 1048576K
Event: 490.936 GC heap after
Heap after GC invocations=30 (full 3):
 PSYoungGen      total 311808K, used 32781K [0x00000000e0000000, 0x00000000f7b80000, 0x0000000100000000)
  eden space 270336K, 0% used [0x00000000e0000000,0x00000000e0000000,0x00000000f0800000)
  from space 41472K, 79% used [0x00000000f0800000,0x00000000f2803758,0x00000000f3080000)
  to   space 44544K, 0% used [0x00000000f5000000,0x00000000f5000000,0x00000000f7b80000)
 ParOldGen       total 126464K, used 82619K [0x00000000a0000000, 0x00000000a7b80000, 0x00000000e0000000)
  object space 126464K, 65% used [0x00000000a0000000,0x00000000a50aefd0,0x00000000a7b80000)
 Metaspace       used 84134K, capacity 88724K, committed 89088K, reserved 1126400K
  class space    used 10579K, capacity 11665K, committed 11776K, reserved 1048576K
}

